Using pre-set license
Built from '2020.2/release' branch; Version is '2020.2.4f1 (becced5a802b) revision 12504301'; Using compiler version '192528614'; Build Type 'Release'
OS: 'Windows 10 Pro; OS build 19042.685; Version 2009; 64bit' Language: 'es' Physical Memory: 16299 MB
BatchMode: 1, IsHumanControllingUs: 0, StartBugReporterOnCrash: 0, Is64bit: 1, IsPro: 0

 COMMAND LINE ARGUMENTS:
C:\Program Files\Unity\Hub\Editor\2020.2.4f1\Editor\Unity.exe
-adb2
-batchMode
-noUpm
-name
AssetImportWorker0
-projectPath
C:/Users/Usuario/Documents/Master/Programacion2D/PEC4/PEC4 - Practica Final
-logFile
Logs/AssetImportWorker0.log
-srvPort
59770
Successfully changed project path to: C:/Users/Usuario/Documents/Master/Programacion2D/PEC4/PEC4 - Practica Final
C:/Users/Usuario/Documents/Master/Programacion2D/PEC4/PEC4 - Practica Final
Using Asset Import Pipeline V2.
Refreshing native plugins compatible for Editor in 61.00 ms, found 1 plugins.
Preloading 0 native plugins for Editor in 0.00 ms.
Initialize engine version: 2020.2.4f1 (becced5a802b)
[Subsystems] Discovering subsystems at path C:/Program Files/Unity/Hub/Editor/2020.2.4f1/Editor/Data/Resources/UnitySubsystems
[Subsystems] Discovering subsystems at path C:/Users/Usuario/Documents/Master/Programacion2D/PEC4/PEC4 - Practica Final/Assets
GfxDevice: creating device client; threaded=0
Direct3D:
    Version:  Direct3D 11.0 [level 11.1]
    Renderer: NVIDIA GeForce RTX 2070 (ID=0x1f02)
    Vendor:   
    VRAM:     8031 MB
    Driver:   27.21.14.6079
Shader 'Universal Render Pipeline/Particles/Lit': fallback shader 'Universal Render Pipeline/Particles/SimpleLit' not found
Initialize mono
Mono path[0] = 'C:/Program Files/Unity/Hub/Editor/2020.2.4f1/Editor/Data/Managed'
Mono path[1] = 'C:/Program Files/Unity/Hub/Editor/2020.2.4f1/Editor/Data/MonoBleedingEdge/lib/mono/unityjit'
Mono config path = 'C:/Program Files/Unity/Hub/Editor/2020.2.4f1/Editor/Data/MonoBleedingEdge/etc'
Using monoOptions --debugger-agent=transport=dt_socket,embedding=1,server=y,suspend=n,address=127.0.0.1:56652
Begin MonoManager ReloadAssembly
Registering precompiled unity dll's ...
Register platform support module: C:/Program Files/Unity/Hub/Editor/2020.2.4f1/Editor/Data/PlaybackEngines/WindowsStandaloneSupport/UnityEditor.WindowsStandalone.Extensions.dll
Registered in 0.002007 seconds.
Native extension for WindowsStandalone target not found
Refreshing native plugins compatible for Editor in 53.05 ms, found 1 plugins.
Preloading 0 native plugins for Editor in 0.00 ms.
Invoked RoslynAnalysisRunner static constructor.
RoslynAnalysisRunner will not be running.
RoslynAnalysisRunner has terminated.
Mono: successfully reloaded assembly
- Completed reload, in  1.058 seconds
Platform modules already initialized, skipping
Registering precompiled user dll's ...
Registered in 0.001615 seconds.
Begin MonoManager ReloadAssembly
Native extension for WindowsStandalone target not found
Refreshing native plugins compatible for Editor in 54.69 ms, found 1 plugins.
Preloading 0 native plugins for Editor in 0.00 ms.
Invoked RoslynAnalysisRunner static constructor.
RoslynAnalysisRunner will not be running.
RoslynAnalysisRunner has terminated.
Mono: successfully reloaded assembly
- Completed reload, in  1.051 seconds
Platform modules already initialized, skipping
========================================================================
Worker process is ready to serve import requests
Shader 'Universal Render Pipeline/Particles/Lit': fallback shader 'Universal Render Pipeline/Particles/SimpleLit' not found
Launched and connected shader compiler UnityShaderCompiler.exe after 0.05 seconds
Refreshing native plugins compatible for Editor in 0.50 ms, found 1 plugins.
Preloading 0 native plugins for Editor in 0.00 ms.
Unloading 2971 Unused Serialized files (Serialized files now loaded: 0)
System memory in use before: 202.4 MB.
System memory in use after: 202.6 MB.

Unloading 19 unused Assets to reduce memory usage. Loaded Objects now: 3429.
Total: 3.509900 ms (FindLiveObjects: 0.409700 ms CreateObjectMapping: 0.182300 ms MarkObjects: 2.880200 ms  DeleteObjects: 0.036200 ms)

========================================================================
Received Import Request.
  path: Assets/2D Renderer Data.asset
  artifactKey: Guid(412053924e98ccc4fa5bdeede735de7c) Importer(815301076,1909f56bfc062723c751e8b465ee728b)
Start importing Assets/2D Renderer Data.asset using Guid(412053924e98ccc4fa5bdeede735de7c) Importer(815301076,1909f56bfc062723c751e8b465ee728b)  -> (artifact id: 'd75cb87ab95d7b6dcca7b137574434eb') in 0.043516 seconds
  Import took 0.049432 seconds .

========================================================================
Received Import Request.
  Time since last request: 0.000697 seconds.
  path: Assets/UniversalRenderPipelineAsset.asset
  artifactKey: Guid(278b6c911ea9cfa4db2d189e04d758fb) Importer(815301076,1909f56bfc062723c751e8b465ee728b)
Start importing Assets/UniversalRenderPipelineAsset.asset using Guid(278b6c911ea9cfa4db2d189e04d758fb) Importer(815301076,1909f56bfc062723c751e8b465ee728b)  -> (artifact id: '32768e3cd46f395c3db91f8475814105') in 0.006837 seconds
  Import took 0.011712 seconds .

========================================================================
Received Prepare
Shader 'Universal Render Pipeline/Particles/Lit': fallback shader 'Universal Render Pipeline/Particles/SimpleLit' not found
Refreshing native plugins compatible for Editor in 2.17 ms, found 1 plugins.
Preloading 0 native plugins for Editor in 0.00 ms.
Unloading 8 Unused Serialized files (Serialized files now loaded: 0)
System memory in use before: 138.7 MB.
System memory in use after: 138.9 MB.

Unloading 6 unused Assets to reduce memory usage. Loaded Objects now: 3431.
Total: 2.966600 ms (FindLiveObjects: 0.303600 ms CreateObjectMapping: 0.157100 ms MarkObjects: 2.482100 ms  DeleteObjects: 0.022800 ms)

========================================================================
Received Import Request.
  Time since last request: 197.442529 seconds.
  path: Assets/Scenes
  artifactKey: Guid(ae7ee02e1b6609e4e9380a79c55bd9f8) Importer(815301076,1909f56bfc062723c751e8b465ee728b)
Start importing Assets/Scenes using Guid(ae7ee02e1b6609e4e9380a79c55bd9f8) Importer(815301076,1909f56bfc062723c751e8b465ee728b)  -> (artifact id: '9057ed9dbd755abd6dc94d4a2939a78f') in 0.006202 seconds
  Import took 0.011220 seconds .

========================================================================
Received Import Request.
  Time since last request: 0.004814 seconds.
  path: Assets/Scenes
  artifactKey: Guid(ae7ee02e1b6609e4e9380a79c55bd9f8) Importer(815301076,1909f56bfc062723c751e8b465ee728b)
Start importing Assets/Scenes using Guid(ae7ee02e1b6609e4e9380a79c55bd9f8) Importer(815301076,1909f56bfc062723c751e8b465ee728b)  -> (artifact id: '9057ed9dbd755abd6dc94d4a2939a78f') in 0.001885 seconds
  Import took 0.006309 seconds .

========================================================================
Received Import Request.
  Time since last request: 4.296739 seconds.
  path: Assets/Scenes/GameScene.unity
  artifactKey: Guid(d5d2502962a5ff449a783de1f5dcec91) Importer(815301076,1909f56bfc062723c751e8b465ee728b)
Start importing Assets/Scenes/GameScene.unity using Guid(d5d2502962a5ff449a783de1f5dcec91) Importer(815301076,1909f56bfc062723c751e8b465ee728b)  -> (artifact id: '65b0290cf0b755e3f5542c54037e1083') in 0.010818 seconds
  Import took 0.015016 seconds .

========================================================================
Received Prepare
Registering precompiled user dll's ...
Registered in 0.001574 seconds.
Begin MonoManager ReloadAssembly
Native extension for WindowsStandalone target not found
Refreshing native plugins compatible for Editor in 0.45 ms, found 1 plugins.
Preloading 0 native plugins for Editor in 0.00 ms.
Invoked RoslynAnalysisRunner static constructor.
RoslynAnalysisRunner will not be running.
RoslynAnalysisRunner has terminated.
Mono: successfully reloaded assembly
- Completed reload, in  0.982 seconds
Platform modules already initialized, skipping
Shader 'Universal Render Pipeline/Particles/Lit': fallback shader 'Universal Render Pipeline/Particles/SimpleLit' not found
Refreshing native plugins compatible for Editor in 0.45 ms, found 1 plugins.
Preloading 0 native plugins for Editor in 0.00 ms.
Unloading 2854 Unused Serialized files (Serialized files now loaded: 0)
System memory in use before: 196.0 MB.
System memory in use after: 196.2 MB.

Unloading 9 unused Assets to reduce memory usage. Loaded Objects now: 3433.
Total: 2.747500 ms (FindLiveObjects: 0.439300 ms CreateObjectMapping: 0.173100 ms MarkObjects: 2.114900 ms  DeleteObjects: 0.018600 ms)

========================================================================
Received Prepare
Shader 'Universal Render Pipeline/Particles/Lit': fallback shader 'Universal Render Pipeline/Particles/SimpleLit' not found
Refreshing native plugins compatible for Editor in 2.03 ms, found 1 plugins.
Preloading 0 native plugins for Editor in 0.00 ms.
Unloading 6 Unused Serialized files (Serialized files now loaded: 0)
System memory in use before: 138.9 MB.
System memory in use after: 139.2 MB.

Unloading 6 unused Assets to reduce memory usage. Loaded Objects now: 3433.
Total: 2.889500 ms (FindLiveObjects: 0.266600 ms CreateObjectMapping: 0.138000 ms MarkObjects: 2.469800 ms  DeleteObjects: 0.013800 ms)

========================================================================
Received Prepare
Shader 'Universal Render Pipeline/Particles/Lit': fallback shader 'Universal Render Pipeline/Particles/SimpleLit' not found
Refreshing native plugins compatible for Editor in 2.03 ms, found 1 plugins.
Preloading 0 native plugins for Editor in 0.00 ms.
Unloading 6 Unused Serialized files (Serialized files now loaded: 0)
System memory in use before: 138.9 MB.
System memory in use after: 139.2 MB.

Unloading 6 unused Assets to reduce memory usage. Loaded Objects now: 3433.
Total: 3.137400 ms (FindLiveObjects: 0.284800 ms CreateObjectMapping: 0.125900 ms MarkObjects: 2.708900 ms  DeleteObjects: 0.016000 ms)

========================================================================
Received Prepare
Shader 'Universal Render Pipeline/Particles/Lit': fallback shader 'Universal Render Pipeline/Particles/SimpleLit' not found
Refreshing native plugins compatible for Editor in 2.13 ms, found 1 plugins.
Preloading 0 native plugins for Editor in 0.00 ms.
Unloading 6 Unused Serialized files (Serialized files now loaded: 0)
System memory in use before: 138.9 MB.
System memory in use after: 139.2 MB.

Unloading 6 unused Assets to reduce memory usage. Loaded Objects now: 3433.
Total: 3.672300 ms (FindLiveObjects: 0.294500 ms CreateObjectMapping: 0.148300 ms MarkObjects: 3.208800 ms  DeleteObjects: 0.019200 ms)

AssetImportWorkerClient::OnTransportError - code=2 error=End of file
